{"C:\\Users\\saksb\\OneDrive\\Desktop\\Macbook\\Desktop\\Notes\\Coding\\Projects\\pluralsight\\Jest\\JavaScript Unit Testing with Jest\\globoticket\\js\\basket\\basket.js": {"path":"C:\\Users\\saksb\\OneDrive\\Desktop\\Macbook\\Desktop\\Notes\\Coding\\Projects\\pluralsight\\Jest\\JavaScript Unit Testing with Jest\\globoticket\\js\\basket\\basket.js","statementMap":{"0":{"start":{"line":1,"column":23},"end":{"line":1,"column":46}},"1":{"start":{"line":4,"column":16},"end":{"line":4,"column":17}},"2":{"start":{"line":5,"column":4},"end":{"line":16,"column":5}},"3":{"start":{"line":6,"column":8},"end":{"line":13,"column":9}},"4":{"start":{"line":7,"column":12},"end":{"line":7,"column":46}},"5":{"start":{"line":9,"column":12},"end":{"line":9,"column":22}},"6":{"start":{"line":10,"column":12},"end":{"line":12,"column":13}},"7":{"start":{"line":11,"column":16},"end":{"line":11,"column":41}},"8":{"start":{"line":15,"column":8},"end":{"line":15,"column":18}},"9":{"start":{"line":18,"column":4},"end":{"line":20,"column":5}},"10":{"start":{"line":19,"column":8},"end":{"line":19,"column":32}},"11":{"start":{"line":22,"column":4},"end":{"line":22,"column":17}},"12":{"start":{"line":26,"column":4},"end":{"line":28,"column":5}},"13":{"start":{"line":27,"column":8},"end":{"line":27,"column":20}},"14":{"start":{"line":29,"column":4},"end":{"line":29,"column":16}},"15":{"start":{"line":33,"column":18},"end":{"line":33,"column":54}},"16":{"start":{"line":34,"column":18},"end":{"line":34,"column":20}},"17":{"start":{"line":35,"column":4},"end":{"line":39,"column":5}},"18":{"start":{"line":36,"column":8},"end":{"line":38,"column":9}},"19":{"start":{"line":37,"column":12},"end":{"line":37,"column":35}},"20":{"start":{"line":40,"column":4},"end":{"line":40,"column":17}},"21":{"start":{"line":44,"column":4},"end":{"line":48,"column":5}},"22":{"start":{"line":45,"column":8},"end":{"line":47,"column":9}},"23":{"start":{"line":46,"column":12},"end":{"line":46,"column":30}},"24":{"start":{"line":49,"column":4},"end":{"line":49,"column":16}},"25":{"start":{"line":53,"column":4},"end":{"line":55,"column":5}},"26":{"start":{"line":54,"column":8},"end":{"line":54,"column":54}},"27":{"start":{"line":56,"column":4},"end":{"line":56,"column":16}},"28":{"start":{"line":60,"column":18},"end":{"line":60,"column":20}},"29":{"start":{"line":61,"column":4},"end":{"line":63,"column":5}},"30":{"start":{"line":62,"column":8},"end":{"line":62,"column":36}},"31":{"start":{"line":64,"column":4},"end":{"line":64,"column":17}},"32":{"start":{"line":67,"column":0},"end":{"line":74,"column":2}}},"fnMap":{"0":{"name":"calculateTotal","decl":{"start":{"line":3,"column":9},"end":{"line":3,"column":23}},"loc":{"start":{"line":3,"column":52},"end":{"line":23,"column":1}},"line":3},"1":{"name":"showAdverts","decl":{"start":{"line":25,"column":9},"end":{"line":25,"column":20}},"loc":{"start":{"line":25,"column":27},"end":{"line":30,"column":1}},"line":25},"2":{"name":"searchBasket","decl":{"start":{"line":32,"column":9},"end":{"line":32,"column":21}},"loc":{"start":{"line":32,"column":48},"end":{"line":41,"column":1}},"line":32},"3":{"name":"getBasketItem","decl":{"start":{"line":43,"column":9},"end":{"line":43,"column":22}},"loc":{"start":{"line":43,"column":43},"end":{"line":50,"column":1}},"line":43},"4":{"name":"createBasketItem","decl":{"start":{"line":52,"column":9},"end":{"line":52,"column":25}},"loc":{"start":{"line":52,"column":63},"end":{"line":57,"column":1}},"line":52},"5":{"name":"serializeBasketItemsToJson","decl":{"start":{"line":59,"column":9},"end":{"line":59,"column":35}},"loc":{"start":{"line":59,"column":49},"end":{"line":65,"column":1}},"line":59}},"branchMap":{"0":{"loc":{"start":{"line":3,"column":37},"end":{"line":3,"column":50}},"type":"default-arg","locations":[{"start":{"line":3,"column":46},"end":{"line":3,"column":50}}],"line":3},"1":{"loc":{"start":{"line":5,"column":4},"end":{"line":16,"column":5}},"type":"if","locations":[{"start":{"line":5,"column":4},"end":{"line":16,"column":5}},{"start":{"line":14,"column":11},"end":{"line":16,"column":5}}],"line":5},"2":{"loc":{"start":{"line":6,"column":8},"end":{"line":13,"column":9}},"type":"if","locations":[{"start":{"line":6,"column":8},"end":{"line":13,"column":9}},{"start":{"line":8,"column":15},"end":{"line":13,"column":9}}],"line":6},"3":{"loc":{"start":{"line":18,"column":4},"end":{"line":20,"column":5}},"type":"if","locations":[{"start":{"line":18,"column":4},"end":{"line":20,"column":5}},{"start":{},"end":{}}],"line":18},"4":{"loc":{"start":{"line":26,"column":4},"end":{"line":28,"column":5}},"type":"if","locations":[{"start":{"line":26,"column":4},"end":{"line":28,"column":5}},{"start":{},"end":{}}],"line":26},"5":{"loc":{"start":{"line":36,"column":8},"end":{"line":38,"column":9}},"type":"if","locations":[{"start":{"line":36,"column":8},"end":{"line":38,"column":9}},{"start":{},"end":{}}],"line":36},"6":{"loc":{"start":{"line":45,"column":8},"end":{"line":47,"column":9}},"type":"if","locations":[{"start":{"line":45,"column":8},"end":{"line":47,"column":9}},{"start":{},"end":{}}],"line":45},"7":{"loc":{"start":{"line":53,"column":4},"end":{"line":55,"column":5}},"type":"if","locations":[{"start":{"line":53,"column":4},"end":{"line":55,"column":5}},{"start":{},"end":{}}],"line":53}},"s":{"0":1,"1":2,"2":2,"3":2,"4":0,"5":2,"6":2,"7":6,"8":0,"9":2,"10":1,"11":1,"12":2,"13":1,"14":1,"15":1,"16":1,"17":1,"18":3,"19":2,"20":1,"21":2,"22":3,"23":1,"24":1,"25":0,"26":0,"27":0,"28":1,"29":1,"30":2,"31":1,"32":1},"f":{"0":2,"1":2,"2":1,"3":2,"4":0,"5":1},"b":{"0":[1],"1":[2,0],"2":[0,2],"3":[1,1],"4":[1,1],"5":[2,1],"6":[1,2],"7":[0,0]},"_coverageSchema":"1a1c01bbd47fc00a2c39e90264f33305004495a9","hash":"e406f6c83e849c498da786c455cee370deac388e"}
,"C:\\Users\\saksb\\OneDrive\\Desktop\\Macbook\\Desktop\\Notes\\Coding\\Projects\\pluralsight\\Jest\\JavaScript Unit Testing with Jest\\globoticket\\js\\basket\\basketitem.js": {"path":"C:\\Users\\saksb\\OneDrive\\Desktop\\Macbook\\Desktop\\Notes\\Coding\\Projects\\pluralsight\\Jest\\JavaScript Unit Testing with Jest\\globoticket\\js\\basket\\basketitem.js","statementMap":{"0":{"start":{"line":4,"column":8},"end":{"line":4,"column":27}},"1":{"start":{"line":5,"column":8},"end":{"line":5,"column":39}},"2":{"start":{"line":9,"column":8},"end":{"line":9,"column":57}},"3":{"start":{"line":14,"column":0},"end":{"line":14,"column":32}}},"fnMap":{"0":{"name":"(anonymous_0)","decl":{"start":{"line":3,"column":4},"end":{"line":3,"column":5}},"loc":{"start":{"line":3,"column":36},"end":{"line":6,"column":5}},"line":3},"1":{"name":"(anonymous_1)","decl":{"start":{"line":8,"column":4},"end":{"line":8,"column":5}},"loc":{"start":{"line":8,"column":15},"end":{"line":10,"column":5}},"line":8}},"branchMap":{},"s":{"0":15,"1":15,"2":6,"3":1},"f":{"0":15,"1":6},"b":{},"_coverageSchema":"1a1c01bbd47fc00a2c39e90264f33305004495a9","hash":"13d017e9927a9f6e7029f066cbb4593b7f99a913"}
,"C:\\Users\\saksb\\OneDrive\\Desktop\\Macbook\\Desktop\\Notes\\Coding\\Projects\\pluralsight\\Jest\\JavaScript Unit Testing with Jest\\globoticket\\js\\error-handling\\exceptions.js": {"path":"C:\\Users\\saksb\\OneDrive\\Desktop\\Macbook\\Desktop\\Notes\\Coding\\Projects\\pluralsight\\Jest\\JavaScript Unit Testing with Jest\\globoticket\\js\\error-handling\\exceptions.js","statementMap":{"0":{"start":{"line":3,"column":8},"end":{"line":3,"column":21}},"1":{"start":{"line":9,"column":8},"end":{"line":9,"column":21}},"2":{"start":{"line":15,"column":8},"end":{"line":15,"column":21}},"3":{"start":{"line":21,"column":8},"end":{"line":21,"column":21}},"4":{"start":{"line":27,"column":8},"end":{"line":27,"column":21}},"5":{"start":{"line":32,"column":0},"end":{"line":38,"column":2}}},"fnMap":{"0":{"name":"(anonymous_0)","decl":{"start":{"line":2,"column":4},"end":{"line":2,"column":5}},"loc":{"start":{"line":2,"column":23},"end":{"line":4,"column":5}},"line":2},"1":{"name":"(anonymous_1)","decl":{"start":{"line":8,"column":4},"end":{"line":8,"column":5}},"loc":{"start":{"line":8,"column":23},"end":{"line":10,"column":5}},"line":8},"2":{"name":"(anonymous_2)","decl":{"start":{"line":14,"column":4},"end":{"line":14,"column":5}},"loc":{"start":{"line":14,"column":23},"end":{"line":16,"column":5}},"line":14},"3":{"name":"(anonymous_3)","decl":{"start":{"line":20,"column":4},"end":{"line":20,"column":5}},"loc":{"start":{"line":20,"column":23},"end":{"line":22,"column":5}},"line":20},"4":{"name":"(anonymous_4)","decl":{"start":{"line":26,"column":4},"end":{"line":26,"column":5}},"loc":{"start":{"line":26,"column":23},"end":{"line":28,"column":5}},"line":26}},"branchMap":{},"s":{"0":4,"1":0,"2":0,"3":0,"4":0,"5":6},"f":{"0":4,"1":0,"2":0,"3":0,"4":0},"b":{},"_coverageSchema":"1a1c01bbd47fc00a2c39e90264f33305004495a9","hash":"b9355f5067df3896219293de43d44550721ff15f"}
,"C:\\Users\\saksb\\OneDrive\\Desktop\\Macbook\\Desktop\\Notes\\Coding\\Projects\\pluralsight\\Jest\\JavaScript Unit Testing with Jest\\globoticket\\js\\events\\event.js": {"path":"C:\\Users\\saksb\\OneDrive\\Desktop\\Macbook\\Desktop\\Notes\\Coding\\Projects\\pluralsight\\Jest\\JavaScript Unit Testing with Jest\\globoticket\\js\\events\\event.js","statementMap":{"0":{"start":{"line":1,"column":58},"end":{"line":1,"column":97}},"1":{"start":{"line":5,"column":8},"end":{"line":5,"column":21}},"2":{"start":{"line":6,"column":8},"end":{"line":6,"column":25}},"3":{"start":{"line":7,"column":8},"end":{"line":7,"column":39}},"4":{"start":{"line":8,"column":8},"end":{"line":8,"column":41}},"5":{"start":{"line":9,"column":8},"end":{"line":9,"column":49}},"6":{"start":{"line":10,"column":8},"end":{"line":10,"column":25}},"7":{"start":{"line":15,"column":4},"end":{"line":15,"column":39}},"8":{"start":{"line":19,"column":4},"end":{"line":29,"column":5}},"9":{"start":{"line":20,"column":8},"end":{"line":20,"column":33}},"10":{"start":{"line":21,"column":11},"end":{"line":29,"column":5}},"11":{"start":{"line":22,"column":21},"end":{"line":22,"column":71}},"12":{"start":{"line":23,"column":8},"end":{"line":23,"column":70}},"13":{"start":{"line":25,"column":8},"end":{"line":27,"column":9}},"14":{"start":{"line":26,"column":12},"end":{"line":26,"column":103}},"15":{"start":{"line":28,"column":8},"end":{"line":28,"column":59}},"16":{"start":{"line":33,"column":4},"end":{"line":35,"column":5}},"17":{"start":{"line":34,"column":8},"end":{"line":34,"column":83}},"18":{"start":{"line":37,"column":4},"end":{"line":39,"column":5}},"19":{"start":{"line":38,"column":8},"end":{"line":38,"column":83}},"20":{"start":{"line":41,"column":4},"end":{"line":43,"column":5}},"21":{"start":{"line":42,"column":8},"end":{"line":42,"column":78}},"22":{"start":{"line":45,"column":4},"end":{"line":45,"column":58}},"23":{"start":{"line":48,"column":0},"end":{"line":53,"column":1}}},"fnMap":{"0":{"name":"(anonymous_0)","decl":{"start":{"line":4,"column":4},"end":{"line":4,"column":5}},"loc":{"start":{"line":4,"column":77},"end":{"line":11,"column":5}},"line":4},"1":{"name":"isSoldOut","decl":{"start":{"line":14,"column":9},"end":{"line":14,"column":18}},"loc":{"start":{"line":14,"column":26},"end":{"line":16,"column":1}},"line":14},"2":{"name":"getTagLine","decl":{"start":{"line":18,"column":9},"end":{"line":18,"column":19}},"loc":{"start":{"line":18,"column":58},"end":{"line":30,"column":1}},"line":18},"3":{"name":"createEvent","decl":{"start":{"line":32,"column":9},"end":{"line":32,"column":20}},"loc":{"start":{"line":32,"column":52},"end":{"line":46,"column":1}},"line":32}},"branchMap":{"0":{"loc":{"start":{"line":19,"column":4},"end":{"line":29,"column":5}},"type":"if","locations":[{"start":{"line":19,"column":4},"end":{"line":29,"column":5}},{"start":{"line":21,"column":11},"end":{"line":29,"column":5}}],"line":19},"1":{"loc":{"start":{"line":21,"column":11},"end":{"line":29,"column":5}},"type":"if","locations":[{"start":{"line":21,"column":11},"end":{"line":29,"column":5}},{"start":{"line":24,"column":11},"end":{"line":29,"column":5}}],"line":21},"2":{"loc":{"start":{"line":22,"column":21},"end":{"line":22,"column":71}},"type":"cond-expr","locations":[{"start":{"line":22,"column":52},"end":{"line":22,"column":60}},{"start":{"line":22,"column":62},"end":{"line":22,"column":71}}],"line":22},"3":{"loc":{"start":{"line":25,"column":8},"end":{"line":27,"column":9}},"type":"if","locations":[{"start":{"line":25,"column":8},"end":{"line":27,"column":9}},{"start":{},"end":{}}],"line":25},"4":{"loc":{"start":{"line":33,"column":4},"end":{"line":35,"column":5}},"type":"if","locations":[{"start":{"line":33,"column":4},"end":{"line":35,"column":5}},{"start":{},"end":{}}],"line":33},"5":{"loc":{"start":{"line":33,"column":8},"end":{"line":33,"column":53}},"type":"binary-expr","locations":[{"start":{"line":33,"column":8},"end":{"line":33,"column":32}},{"start":{"line":33,"column":36},"end":{"line":33,"column":53}}],"line":33},"6":{"loc":{"start":{"line":37,"column":4},"end":{"line":39,"column":5}},"type":"if","locations":[{"start":{"line":37,"column":4},"end":{"line":39,"column":5}},{"start":{},"end":{}}],"line":37},"7":{"loc":{"start":{"line":37,"column":8},"end":{"line":37,"column":46}},"type":"binary-expr","locations":[{"start":{"line":37,"column":8},"end":{"line":37,"column":33}},{"start":{"line":37,"column":37},"end":{"line":37,"column":46}}],"line":37},"8":{"loc":{"start":{"line":41,"column":4},"end":{"line":43,"column":5}},"type":"if","locations":[{"start":{"line":41,"column":4},"end":{"line":43,"column":5}},{"start":{},"end":{}}],"line":41},"9":{"loc":{"start":{"line":41,"column":8},"end":{"line":41,"column":68}},"type":"binary-expr","locations":[{"start":{"line":41,"column":8},"end":{"line":41,"column":44}},{"start":{"line":41,"column":48},"end":{"line":41,"column":68}}],"line":41}},"s":{"0":4,"1":33,"2":33,"3":33,"4":33,"5":33,"6":33,"7":1,"8":1,"9":1,"10":0,"11":0,"12":0,"13":0,"14":0,"15":0,"16":2,"17":2,"18":0,"19":0,"20":0,"21":0,"22":0,"23":4},"f":{"0":33,"1":1,"2":1,"3":2},"b":{"0":[1,0],"1":[0,0],"2":[0,0],"3":[0,0],"4":[2,0],"5":[2,1],"6":[0,0],"7":[0,0],"8":[0,0],"9":[0,0]},"_coverageSchema":"1a1c01bbd47fc00a2c39e90264f33305004495a9","hash":"28a47ff01878c03892c4f54cda71fcb7db23001b"}
,"C:\\Users\\saksb\\OneDrive\\Desktop\\Macbook\\Desktop\\Notes\\Coding\\Projects\\pluralsight\\Jest\\JavaScript Unit Testing with Jest\\globoticket\\js\\events\\filters.js": {"path":"C:\\Users\\saksb\\OneDrive\\Desktop\\Macbook\\Desktop\\Notes\\Coding\\Projects\\pluralsight\\Jest\\JavaScript Unit Testing with Jest\\globoticket\\js\\events\\filters.js","statementMap":{"0":{"start":{"line":2,"column":18},"end":{"line":2,"column":28}},"1":{"start":{"line":3,"column":4},"end":{"line":3,"column":62}},"2":{"start":{"line":7,"column":18},"end":{"line":7,"column":28}},"3":{"start":{"line":8,"column":4},"end":{"line":8,"column":28}},"4":{"start":{"line":10,"column":19},"end":{"line":10,"column":29}},"5":{"start":{"line":11,"column":4},"end":{"line":11,"column":41}},"6":{"start":{"line":12,"column":4},"end":{"line":12,"column":31}},"7":{"start":{"line":14,"column":22},"end":{"line":14,"column":32}},"8":{"start":{"line":16,"column":4},"end":{"line":16,"column":53}},"9":{"start":{"line":20,"column":18},"end":{"line":20,"column":28}},"10":{"start":{"line":21,"column":4},"end":{"line":21,"column":28}},"11":{"start":{"line":23,"column":19},"end":{"line":23,"column":29}},"12":{"start":{"line":24,"column":4},"end":{"line":24,"column":31}},"13":{"start":{"line":25,"column":4},"end":{"line":25,"column":42}},"14":{"start":{"line":27,"column":22},"end":{"line":27,"column":32}},"15":{"start":{"line":29,"column":4},"end":{"line":29,"column":53}},"16":{"start":{"line":32,"column":0},"end":{"line":34,"column":1}}},"fnMap":{"0":{"name":"today","decl":{"start":{"line":1,"column":9},"end":{"line":1,"column":14}},"loc":{"start":{"line":1,"column":22},"end":{"line":4,"column":1}},"line":1},"1":{"name":"next7Days","decl":{"start":{"line":6,"column":9},"end":{"line":6,"column":18}},"loc":{"start":{"line":6,"column":26},"end":{"line":17,"column":1}},"line":6},"2":{"name":"next30Days","decl":{"start":{"line":19,"column":9},"end":{"line":19,"column":19}},"loc":{"start":{"line":19,"column":27},"end":{"line":30,"column":1}},"line":19}},"branchMap":{"0":{"loc":{"start":{"line":16,"column":11},"end":{"line":16,"column":52}},"type":"binary-expr","locations":[{"start":{"line":16,"column":11},"end":{"line":16,"column":29}},{"start":{"line":16,"column":33},"end":{"line":16,"column":52}}],"line":16},"1":{"loc":{"start":{"line":29,"column":11},"end":{"line":29,"column":52}},"type":"binary-expr","locations":[{"start":{"line":29,"column":11},"end":{"line":29,"column":29}},{"start":{"line":29,"column":33},"end":{"line":29,"column":52}}],"line":29}},"s":{"0":3,"1":3,"2":3,"3":3,"4":3,"5":3,"6":3,"7":3,"8":3,"9":3,"10":3,"11":3,"12":3,"13":3,"14":3,"15":3,"16":1},"f":{"0":3,"1":3,"2":3},"b":{"0":[3,2],"1":[3,2]},"_coverageSchema":"1a1c01bbd47fc00a2c39e90264f33305004495a9","hash":"3408c4ebe95bebfd933e5ddc865a01ff9b3ddd56"}
,"C:\\Users\\saksb\\OneDrive\\Desktop\\Macbook\\Desktop\\Notes\\Coding\\Projects\\pluralsight\\Jest\\JavaScript Unit Testing with Jest\\globoticket\\js\\events\\search.js": {"path":"C:\\Users\\saksb\\OneDrive\\Desktop\\Macbook\\Desktop\\Notes\\Coding\\Projects\\pluralsight\\Jest\\JavaScript Unit Testing with Jest\\globoticket\\js\\events\\search.js","statementMap":{"0":{"start":{"line":2,"column":4},"end":{"line":2,"column":42}},"1":{"start":{"line":5,"column":0},"end":{"line":7,"column":1}}},"fnMap":{"0":{"name":"getEvents","decl":{"start":{"line":1,"column":9},"end":{"line":1,"column":18}},"loc":{"start":{"line":1,"column":44},"end":{"line":3,"column":1}},"line":1}},"branchMap":{},"s":{"0":1,"1":1},"f":{"0":1},"b":{},"_coverageSchema":"1a1c01bbd47fc00a2c39e90264f33305004495a9","hash":"31b9e3ce192e8b710cc2d2dc9c03e0f0b71fe040"}
,"C:\\Users\\saksb\\OneDrive\\Desktop\\Macbook\\Desktop\\Notes\\Coding\\Projects\\pluralsight\\Jest\\JavaScript Unit Testing with Jest\\globoticket\\js\\promotions\\promotions.js": {"path":"C:\\Users\\saksb\\OneDrive\\Desktop\\Macbook\\Desktop\\Notes\\Coding\\Projects\\pluralsight\\Jest\\JavaScript Unit Testing with Jest\\globoticket\\js\\promotions\\promotions.js","statementMap":{"0":{"start":{"line":1,"column":22},"end":{"line":1,"column":52}},"1":{"start":{"line":4,"column":4},"end":{"line":7,"column":5}},"2":{"start":{"line":5,"column":25},"end":{"line":5,"column":41}},"3":{"start":{"line":6,"column":8},"end":{"line":6,"column":47}},"4":{"start":{"line":8,"column":4},"end":{"line":8,"column":24}},"5":{"start":{"line":12,"column":4},"end":{"line":14,"column":5}},"6":{"start":{"line":13,"column":8},"end":{"line":13,"column":40}},"7":{"start":{"line":15,"column":4},"end":{"line":15,"column":24}},"8":{"start":{"line":19,"column":15},"end":{"line":19,"column":55}},"9":{"start":{"line":21,"column":4},"end":{"line":21,"column":39}},"10":{"start":{"line":25,"column":21},"end":{"line":25,"column":52}},"11":{"start":{"line":27,"column":4},"end":{"line":34,"column":5}},"12":{"start":{"line":28,"column":8},"end":{"line":33,"column":9}},"13":{"start":{"line":30,"column":16},"end":{"line":30,"column":83}},"14":{"start":{"line":32,"column":16},"end":{"line":32,"column":92}},"15":{"start":{"line":35,"column":4},"end":{"line":35,"column":24}},"16":{"start":{"line":38,"column":0},"end":{"line":43,"column":2}}},"fnMap":{"0":{"name":"calculatePercentageDiscount","decl":{"start":{"line":3,"column":9},"end":{"line":3,"column":36}},"loc":{"start":{"line":3,"column":77},"end":{"line":9,"column":1}},"line":3},"1":{"name":"calculateMoneyOff","decl":{"start":{"line":11,"column":9},"end":{"line":11,"column":26}},"loc":{"start":{"line":11,"column":65},"end":{"line":16,"column":1}},"line":11},"2":{"name":"generateReferralCode","decl":{"start":{"line":18,"column":9},"end":{"line":18,"column":29}},"loc":{"start":{"line":18,"column":38},"end":{"line":22,"column":1}},"line":18},"3":{"name":"applyDiscount","decl":{"start":{"line":24,"column":15},"end":{"line":24,"column":28}},"loc":{"start":{"line":24,"column":57},"end":{"line":36,"column":1}},"line":24}},"branchMap":{"0":{"loc":{"start":{"line":4,"column":4},"end":{"line":7,"column":5}},"type":"if","locations":[{"start":{"line":4,"column":4},"end":{"line":7,"column":5}},{"start":{},"end":{}}],"line":4},"1":{"loc":{"start":{"line":12,"column":4},"end":{"line":14,"column":5}},"type":"if","locations":[{"start":{"line":12,"column":4},"end":{"line":14,"column":5}},{"start":{},"end":{}}],"line":12},"2":{"loc":{"start":{"line":27,"column":4},"end":{"line":34,"column":5}},"type":"if","locations":[{"start":{"line":27,"column":4},"end":{"line":34,"column":5}},{"start":{},"end":{}}],"line":27},"3":{"loc":{"start":{"line":28,"column":8},"end":{"line":33,"column":9}},"type":"switch","locations":[{"start":{"line":29,"column":12},"end":{"line":30,"column":83}},{"start":{"line":31,"column":12},"end":{"line":32,"column":92}}],"line":28}},"s":{"0":1,"1":0,"2":0,"3":0,"4":0,"5":0,"6":0,"7":0,"8":3,"9":3,"10":0,"11":0,"12":0,"13":0,"14":0,"15":0,"16":1},"f":{"0":0,"1":0,"2":3,"3":0},"b":{"0":[0,0],"1":[0,0],"2":[0,0],"3":[0,0]},"_coverageSchema":"1a1c01bbd47fc00a2c39e90264f33305004495a9","hash":"b3cf66258db649232f44a2be5946fa1f5540675b"}
,"C:\\Users\\saksb\\OneDrive\\Desktop\\Macbook\\Desktop\\Notes\\Coding\\Projects\\pluralsight\\Jest\\JavaScript Unit Testing with Jest\\globoticket\\js\\promotions\\discount\\discount.js": {"path":"C:\\Users\\saksb\\OneDrive\\Desktop\\Macbook\\Desktop\\Notes\\Coding\\Projects\\pluralsight\\Jest\\JavaScript Unit Testing with Jest\\globoticket\\js\\promotions\\discount\\discount.js","statementMap":{"0":{"start":{"line":1,"column":14},"end":{"line":1,"column":30}},"1":{"start":{"line":4,"column":21},"end":{"line":8,"column":6}},"2":{"start":{"line":9,"column":4},"end":{"line":9,"column":20}},"3":{"start":{"line":12,"column":0},"end":{"line":14,"column":1}}},"fnMap":{"0":{"name":"getDiscount","decl":{"start":{"line":3,"column":15},"end":{"line":3,"column":26}},"loc":{"start":{"line":3,"column":33},"end":{"line":10,"column":1}},"line":3}},"branchMap":{},"s":{"0":1,"1":0,"2":0,"3":1},"f":{"0":0},"b":{},"_coverageSchema":"1a1c01bbd47fc00a2c39e90264f33305004495a9","hash":"bc5034fad1e6d9fda06d797d01192e6c5625acbb"}
,"C:\\Users\\saksb\\OneDrive\\Desktop\\Macbook\\Desktop\\Notes\\Coding\\Projects\\pluralsight\\Jest\\JavaScript Unit Testing with Jest\\globoticket\\js\\promotions\\exchange\\exchange.js": {"path":"C:\\Users\\saksb\\OneDrive\\Desktop\\Macbook\\Desktop\\Notes\\Coding\\Projects\\pluralsight\\Jest\\JavaScript Unit Testing with Jest\\globoticket\\js\\promotions\\exchange\\exchange.js","statementMap":{"0":{"start":{"line":1,"column":29},"end":{"line":1,"column":62}},"1":{"start":{"line":5,"column":25},"end":{"line":5,"column":90}},"2":{"start":{"line":6,"column":21},"end":{"line":10,"column":5}},"3":{"start":{"line":11,"column":4},"end":{"line":11,"column":23}},"4":{"start":{"line":16,"column":0},"end":{"line":18,"column":2}}},"fnMap":{"0":{"name":"getExchangeRate","decl":{"start":{"line":3,"column":15},"end":{"line":3,"column":30}},"loc":{"start":{"line":3,"column":55},"end":{"line":12,"column":1}},"line":3}},"branchMap":{},"s":{"0":1,"1":1,"2":1,"3":1,"4":1},"f":{"0":1},"b":{},"_coverageSchema":"1a1c01bbd47fc00a2c39e90264f33305004495a9","hash":"bcd9bf881628333b6999dfe10fad2eea28c97ec1"}
,"C:\\Users\\saksb\\OneDrive\\Desktop\\Macbook\\Desktop\\Notes\\Coding\\Projects\\pluralsight\\Jest\\JavaScript Unit Testing with Jest\\globoticket\\js\\promotions\\exchange\\exchangeRateProvider.js": {"path":"C:\\Users\\saksb\\OneDrive\\Desktop\\Macbook\\Desktop\\Notes\\Coding\\Projects\\pluralsight\\Jest\\JavaScript Unit Testing with Jest\\globoticket\\js\\promotions\\exchange\\exchangeRateProvider.js","statementMap":{"0":{"start":{"line":5,"column":23},"end":{"line":5,"column":24}},"1":{"start":{"line":7,"column":4},"end":{"line":19,"column":5}},"2":{"start":{"line":9,"column":12},"end":{"line":9,"column":32}},"3":{"start":{"line":10,"column":12},"end":{"line":10,"column":18}},"4":{"start":{"line":12,"column":12},"end":{"line":12,"column":32}},"5":{"start":{"line":13,"column":12},"end":{"line":13,"column":18}},"6":{"start":{"line":15,"column":12},"end":{"line":15,"column":32}},"7":{"start":{"line":16,"column":12},"end":{"line":16,"column":18}},"8":{"start":{"line":18,"column":12},"end":{"line":18,"column":54}},"9":{"start":{"line":20,"column":4},"end":{"line":20,"column":24}},"10":{"start":{"line":22,"column":0},"end":{"line":24,"column":2}}},"fnMap":{"0":{"name":"callExchangeRateProvider","decl":{"start":{"line":1,"column":15},"end":{"line":1,"column":39}},"loc":{"start":{"line":1,"column":54},"end":{"line":21,"column":1}},"line":1}},"branchMap":{"0":{"loc":{"start":{"line":7,"column":4},"end":{"line":19,"column":5}},"type":"switch","locations":[{"start":{"line":8,"column":8},"end":{"line":10,"column":18}},{"start":{"line":11,"column":8},"end":{"line":13,"column":18}},{"start":{"line":14,"column":8},"end":{"line":16,"column":18}},{"start":{"line":17,"column":8},"end":{"line":18,"column":54}}],"line":7}},"s":{"0":0,"1":0,"2":0,"3":0,"4":0,"5":0,"6":0,"7":0,"8":0,"9":0,"10":1},"f":{"0":0},"b":{"0":[0,0,0,0]},"_coverageSchema":"1a1c01bbd47fc00a2c39e90264f33305004495a9","hash":"4d3128c599fb759f8dc293d0581a80068a52d388"}
,"C:\\Users\\saksb\\OneDrive\\Desktop\\Macbook\\Desktop\\Notes\\Coding\\Projects\\pluralsight\\Jest\\JavaScript Unit Testing with Jest\\globoticket\\js\\users\\users.js": {"path":"C:\\Users\\saksb\\OneDrive\\Desktop\\Macbook\\Desktop\\Notes\\Coding\\Projects\\pluralsight\\Jest\\JavaScript Unit Testing with Jest\\globoticket\\js\\users\\users.js","statementMap":{"0":{"start":{"line":3,"column":8},"end":{"line":3,"column":21}},"1":{"start":{"line":4,"column":8},"end":{"line":4,"column":33}},"2":{"start":{"line":5,"column":8},"end":{"line":5,"column":30}},"3":{"start":{"line":9,"column":26},"end":{"line":9,"column":54}},"4":{"start":{"line":11,"column":4},"end":{"line":13,"column":5}},"5":{"start":{"line":12,"column":8},"end":{"line":12,"column":20}},"6":{"start":{"line":14,"column":4},"end":{"line":14,"column":17}},"7":{"start":{"line":20,"column":4},"end":{"line":20,"column":13}},"8":{"start":{"line":23,"column":0},"end":{"line":27,"column":1}}},"fnMap":{"0":{"name":"(anonymous_0)","decl":{"start":{"line":2,"column":4},"end":{"line":2,"column":5}},"loc":{"start":{"line":2,"column":30},"end":{"line":6,"column":5}},"line":2},"1":{"name":"userExists","decl":{"start":{"line":8,"column":15},"end":{"line":8,"column":25}},"loc":{"start":{"line":8,"column":36},"end":{"line":15,"column":1}},"line":8},"2":{"name":"createUserId","decl":{"start":{"line":17,"column":9},"end":{"line":17,"column":21}},"loc":{"start":{"line":17,"column":24},"end":{"line":21,"column":1}},"line":17}},"branchMap":{"0":{"loc":{"start":{"line":11,"column":4},"end":{"line":13,"column":5}},"type":"if","locations":[{"start":{"line":11,"column":4},"end":{"line":13,"column":5}},{"start":{},"end":{}}],"line":11}},"s":{"0":2,"1":2,"2":2,"3":0,"4":0,"5":0,"6":0,"7":0,"8":3},"f":{"0":2,"1":0,"2":0},"b":{"0":[0,0]},"_coverageSchema":"1a1c01bbd47fc00a2c39e90264f33305004495a9","hash":"78d27cd3eb586e2a5178101bc1a79b8e749794be"}
,"C:\\Users\\saksb\\OneDrive\\Desktop\\Macbook\\Desktop\\Notes\\Coding\\Projects\\pluralsight\\Jest\\JavaScript Unit Testing with Jest\\globoticket\\js\\users\\account\\account.js": {"path":"C:\\Users\\saksb\\OneDrive\\Desktop\\Macbook\\Desktop\\Notes\\Coding\\Projects\\pluralsight\\Jest\\JavaScript Unit Testing with Jest\\globoticket\\js\\users\\account\\account.js","statementMap":{"0":{"start":{"line":1,"column":18},"end":{"line":1,"column":60}},"1":{"start":{"line":2,"column":24},"end":{"line":2,"column":68}},"2":{"start":{"line":3,"column":14},"end":{"line":3,"column":33}},"3":{"start":{"line":7,"column":8},"end":{"line":7,"column":35}},"4":{"start":{"line":8,"column":8},"end":{"line":8,"column":31}},"5":{"start":{"line":9,"column":8},"end":{"line":9,"column":25}},"6":{"start":{"line":15,"column":4},"end":{"line":20,"column":5}},"7":{"start":{"line":16,"column":8},"end":{"line":16,"column":21}},"8":{"start":{"line":19,"column":8},"end":{"line":19,"column":20}},"9":{"start":{"line":24,"column":4},"end":{"line":26,"column":5}},"10":{"start":{"line":25,"column":8},"end":{"line":25,"column":77}},"11":{"start":{"line":27,"column":23},"end":{"line":27,"column":55}},"12":{"start":{"line":28,"column":4},"end":{"line":38,"column":6}},"13":{"start":{"line":29,"column":8},"end":{"line":36,"column":9}},"14":{"start":{"line":30,"column":12},"end":{"line":33,"column":15}},"15":{"start":{"line":35,"column":12},"end":{"line":35,"column":41}},"16":{"start":{"line":42,"column":22},"end":{"line":42,"column":64}},"17":{"start":{"line":43,"column":8},"end":{"line":48,"column":9}},"18":{"start":{"line":44,"column":12},"end":{"line":44,"column":45}},"19":{"start":{"line":47,"column":12},"end":{"line":47,"column":58}},"20":{"start":{"line":51,"column":0},"end":{"line":56,"column":1}}},"fnMap":{"0":{"name":"(anonymous_0)","decl":{"start":{"line":6,"column":4},"end":{"line":6,"column":5}},"loc":{"start":{"line":6,"column":42},"end":{"line":10,"column":5}},"line":6},"1":{"name":"isValidUserName","decl":{"start":{"line":13,"column":15},"end":{"line":13,"column":30}},"loc":{"start":{"line":13,"column":41},"end":{"line":21,"column":1}},"line":13},"2":{"name":"createAccount","decl":{"start":{"line":23,"column":15},"end":{"line":23,"column":28}},"loc":{"start":{"line":23,"column":39},"end":{"line":39,"column":1}},"line":23},"3":{"name":"(anonymous_3)","decl":{"start":{"line":28,"column":23},"end":{"line":28,"column":24}},"loc":{"start":{"line":28,"column":44},"end":{"line":38,"column":5}},"line":28},"4":{"name":"getPastPurchases","decl":{"start":{"line":41,"column":9},"end":{"line":41,"column":25}},"loc":{"start":{"line":41,"column":34},"end":{"line":49,"column":1}},"line":41}},"branchMap":{"0":{"loc":{"start":{"line":15,"column":4},"end":{"line":20,"column":5}},"type":"if","locations":[{"start":{"line":15,"column":4},"end":{"line":20,"column":5}},{"start":{"line":18,"column":8},"end":{"line":20,"column":5}}],"line":15},"1":{"loc":{"start":{"line":15,"column":8},"end":{"line":15,"column":44}},"type":"binary-expr","locations":[{"start":{"line":15,"column":8},"end":{"line":15,"column":17}},{"start":{"line":15,"column":21},"end":{"line":15,"column":44}}],"line":15},"2":{"loc":{"start":{"line":24,"column":4},"end":{"line":26,"column":5}},"type":"if","locations":[{"start":{"line":24,"column":4},"end":{"line":26,"column":5}},{"start":{},"end":{}}],"line":24},"3":{"loc":{"start":{"line":29,"column":8},"end":{"line":36,"column":9}},"type":"if","locations":[{"start":{"line":29,"column":8},"end":{"line":36,"column":9}},{"start":{"line":34,"column":15},"end":{"line":36,"column":9}}],"line":29},"4":{"loc":{"start":{"line":43,"column":8},"end":{"line":48,"column":9}},"type":"if","locations":[{"start":{"line":43,"column":8},"end":{"line":48,"column":9}},{"start":{"line":46,"column":13},"end":{"line":48,"column":9}}],"line":43}},"s":{"0":2,"1":2,"2":2,"3":0,"4":0,"5":0,"6":5,"7":0,"8":5,"9":5,"10":0,"11":5,"12":5,"13":5,"14":3,"15":2,"16":2,"17":2,"18":1,"19":1,"20":2},"f":{"0":0,"1":5,"2":5,"3":5,"4":2},"b":{"0":[0,5],"1":[5,5],"2":[0,5],"3":[3,2],"4":[1,1]},"_coverageSchema":"1a1c01bbd47fc00a2c39e90264f33305004495a9","hash":"e90dcd35f2f8d2776a5926ac606a867b2c13fb33"}
,"C:\\Users\\saksb\\OneDrive\\Desktop\\Macbook\\Desktop\\Notes\\Coding\\Projects\\pluralsight\\Jest\\JavaScript Unit Testing with Jest\\globoticket\\js\\users\\account\\purchaseHistory\\purchaseHistory.js": {"path":"C:\\Users\\saksb\\OneDrive\\Desktop\\Macbook\\Desktop\\Notes\\Coding\\Projects\\pluralsight\\Jest\\JavaScript Unit Testing with Jest\\globoticket\\js\\users\\account\\purchaseHistory\\purchaseHistory.js","statementMap":{"0":{"start":{"line":1,"column":21},"end":{"line":1,"column":42}},"1":{"start":{"line":4,"column":16},"end":{"line":4,"column":61}},"2":{"start":{"line":5,"column":4},"end":{"line":5,"column":46}},"3":{"start":{"line":7,"column":20},"end":{"line":7,"column":40}},"4":{"start":{"line":8,"column":4},"end":{"line":8,"column":39}},"5":{"start":{"line":10,"column":4},"end":{"line":10,"column":18}},"6":{"start":{"line":14,"column":22},"end":{"line":14,"column":24}},"7":{"start":{"line":16,"column":4},"end":{"line":20,"column":5}},"8":{"start":{"line":17,"column":8},"end":{"line":19,"column":10}},"9":{"start":{"line":22,"column":4},"end":{"line":22,"column":21}},"10":{"start":{"line":25,"column":0},"end":{"line":28,"column":2}}},"fnMap":{"0":{"name":"getPurchaseHistory","decl":{"start":{"line":3,"column":9},"end":{"line":3,"column":27}},"loc":{"start":{"line":3,"column":36},"end":{"line":11,"column":1}},"line":3},"1":{"name":"parsePurchaseResponse","decl":{"start":{"line":13,"column":9},"end":{"line":13,"column":30}},"loc":{"start":{"line":13,"column":45},"end":{"line":23,"column":1}},"line":13}},"branchMap":{},"s":{"0":1,"1":0,"2":0,"3":0,"4":0,"5":0,"6":0,"7":0,"8":0,"9":0,"10":1},"f":{"0":0,"1":0},"b":{},"_coverageSchema":"1a1c01bbd47fc00a2c39e90264f33305004495a9","hash":"b310423afb249d4b86479555e4f50ebf67cd5d98"}
}
